[2024-02-22 10:54:36,099: INFO : main : Welcome to our work custom log]
[2024-02-22 10:54:55,521: INFO: main: Welcome to our work custom log]
[2024-02-22 11:05:17,825: INFO: main: Welcome to our work custom log]
[2024-02-22 11:06:18,386: INFO: main: Welcome to our work custom log]
[2024-02-22 11:06:30,852: INFO: main: Welcome to our work custom log]
[2024-02-22 11:07:27,904: INFO: main: Welcome to our work custom log]
[2024-02-22 11:08:09,197: INFO: main: Welcome to our work custom log]
[2024-02-22 11:08:09,197: INFO: common: yaml file: dvc.yaml loaded successfully]
[2024-02-22 13:09:51,028: INFO: common: yaml file: config/config.yaml loaded successfully]
[2024-02-22 13:10:00,344: INFO: common: yaml file: config/config.yaml loaded successfully]
[2024-02-22 13:23:29,640: INFO: common: yaml file: config/config.yaml loaded successfully]
[2024-02-22 13:23:29,641: INFO: common: yaml file: params.yaml loaded successfully]
[2024-02-22 13:24:36,933: INFO: common: yaml file: config/config.yaml loaded successfully]
[2024-02-22 13:24:36,935: INFO: common: yaml file: params.yaml loaded successfully]
[2024-02-22 13:25:56,614: INFO: common: yaml file: config/config.yaml loaded successfully]
[2024-02-22 13:25:56,616: INFO: common: yaml file: params.yaml loaded successfully]
[2024-02-22 13:27:13,345: INFO: common: yaml file: config/config.yaml loaded successfully]
[2024-02-22 13:27:13,348: INFO: common: yaml file: params.yaml loaded successfully]
[2024-02-22 13:27:15,577: INFO: common: yaml file: config/config.yaml loaded successfully]
[2024-02-22 13:27:15,578: INFO: common: yaml file: params.yaml loaded successfully]
[2024-02-22 13:27:41,277: INFO: common: yaml file: config/config.yaml loaded successfully]
[2024-02-22 13:28:14,057: INFO: common: yaml file: config/config.yaml loaded successfully]
[2024-02-22 13:28:14,058: INFO: common: yaml file: params.yaml loaded successfully]
[2024-02-22 13:28:14,060: INFO: common: created directory at: artifacts]
[2024-02-22 13:28:17,769: INFO: common: yaml file: config/config.yaml loaded successfully]
[2024-02-22 13:28:17,771: INFO: common: yaml file: params.yaml loaded successfully]
[2024-02-22 13:28:17,773: INFO: common: created directory at: artifacts]
[2024-02-22 13:28:17,773: INFO: common: created directory at: artifacts/data_ingestion]
[2024-02-22 13:29:02,229: INFO: common: yaml file: config/config.yaml loaded successfully]
[2024-02-22 13:29:02,231: INFO: common: yaml file: params.yaml loaded successfully]
[2024-02-22 13:29:02,232: INFO: common: created directory at: artifacts]
[2024-02-22 13:29:02,233: INFO: common: created directory at: artifacts/data_ingestion]
[2024-02-22 13:30:07,063: INFO: common: yaml file: config/config.yaml loaded successfully]
[2024-02-22 13:30:07,065: INFO: common: yaml file: params.yaml loaded successfully]
[2024-02-22 13:30:07,066: INFO: common: created directory at: artifacts]
[2024-02-22 13:30:07,067: INFO: common: created directory at: artifacts/data_ingestion]
[2024-02-22 13:30:07,068: INFO: 2129033717: Downloading data from https://drive.google.com/uc?/export=download&id=1vlhZ5c7abUKF8xXERIw6m9Te8fW7ohw3 into file artifacts/data_ingestion/data.zip]
[2024-02-22 13:30:29,084: INFO: common: yaml file: config/config.yaml loaded successfully]
[2024-02-22 13:30:29,085: INFO: common: yaml file: params.yaml loaded successfully]
[2024-02-22 13:30:29,086: INFO: common: created directory at: artifacts]
[2024-02-22 13:30:29,087: INFO: common: created directory at: artifacts/data_ingestion]
[2024-02-22 13:30:29,087: INFO: 2129033717: Downloading data from https://drive.google.com/uc?/export=download&id=1vlhZ5c7abUKF8xXERIw6m9Te8fW7ohw3 into file artifacts/data_ingestion/data.zip]
[2024-02-22 13:31:36,898: INFO: common: yaml file: config/config.yaml loaded successfully]
[2024-02-22 13:31:36,899: INFO: common: yaml file: params.yaml loaded successfully]
[2024-02-22 13:31:36,901: INFO: common: created directory at: artifacts]
[2024-02-22 13:31:36,901: INFO: common: created directory at: artifacts/data_ingestion]
[2024-02-22 13:31:36,902: INFO: 2129033717: Downloading data from https://drive.google.com/uc?/export=download&id=1vlhZ5c7abUKF8xXERIw6m9Te8fW7ohw3 into file artifacts/data_ingestion/data.zip]
[2024-02-22 13:33:39,965: INFO: common: yaml file: config/config.yaml loaded successfully]
[2024-02-22 13:33:39,967: INFO: common: yaml file: params.yaml loaded successfully]
[2024-02-22 13:33:39,968: INFO: common: created directory at: artifacts]
[2024-02-22 13:33:39,969: INFO: common: created directory at: artifacts/data_ingestion]
[2024-02-22 13:33:39,970: INFO: 1775004456: Downloading data from https://drive.google.com/uc?/export=download&id=1vlhZ5c7abUKF8xXERIw6m9Te8fW7ohw3 into file artifacts/data_ingestion/data.zip]
[2024-02-22 13:33:40,310: INFO: 1775004456: Downloaded data from https://drive.google.com/uc?/export=download&id=1vlhZ5c7abUKF8xXERIw6m9Te8fW7ohw3 into artifacts/data_ingestion/data.zip]
[2024-02-22 13:34:43,114: INFO: common: yaml file: config/config.yaml loaded successfully]
[2024-02-22 13:34:43,115: INFO: common: yaml file: params.yaml loaded successfully]
[2024-02-22 13:34:43,116: INFO: common: created directory at: artifacts]
[2024-02-22 13:34:43,117: INFO: common: created directory at: artifacts/data_ingestion]
[2024-02-22 13:34:43,118: INFO: 1775004456: Downloading data from https://drive.google.com/uc?/export=download&id=1vlhZ5c7abUKF8xXERIw6m9Te8fW7ohw3 into file artifacts/data_ingestion/data.zip]
[2024-02-22 13:34:43,467: INFO: 1775004456: Downloaded data from https://drive.google.com/uc?/export=download&id=1vlhZ5c7abUKF8xXERIw6m9Te8fW7ohw3 into artifacts/data_ingestion/data.zip]
[2024-02-22 13:35:38,663: INFO: common: yaml file: config/config.yaml loaded successfully]
[2024-02-22 13:35:38,666: INFO: common: yaml file: params.yaml loaded successfully]
[2024-02-22 13:35:38,667: INFO: common: created directory at: artifacts]
[2024-02-22 13:35:38,668: INFO: common: created directory at: artifacts/data_ingestion]
[2024-02-22 13:35:38,669: INFO: 1324461702: Downloading data from https://drive.google.com/uc?/export=download&id=1vlhZ5c7abUKF8xXERIw6m9Te8fW7ohw3 into file artifacts/data_ingestion/data.zip]
[2024-02-22 13:35:38,670: INFO: 1324461702: Download url https://drive.google.com/uc?/export=download&id=export=download&id=1vlhZ5c7abUKF8xXERIw6m9Te8fW7ohw3]
[2024-02-22 13:35:39,050: INFO: 1324461702: Downloaded data from https://drive.google.com/uc?/export=download&id=1vlhZ5c7abUKF8xXERIw6m9Te8fW7ohw3 into artifacts/data_ingestion/data.zip]
[2024-02-22 13:37:11,691: INFO: common: yaml file: config/config.yaml loaded successfully]
[2024-02-22 13:37:11,693: INFO: common: yaml file: params.yaml loaded successfully]
[2024-02-22 13:37:11,694: INFO: common: created directory at: artifacts]
[2024-02-22 13:37:11,695: INFO: common: created directory at: artifacts/data_ingestion]
[2024-02-22 13:37:11,696: INFO: 1324461702: Downloading data from https://drive.google.com/file/d/1vlhZ5c7abUKF8xXERIw6m9Te8fW7ohw3/view?usp=sharing into file artifacts/data_ingestion/data.zip]
[2024-02-22 13:37:11,696: INFO: 1324461702: Download url https://drive.google.com/uc?/export=download&id=view?usp=sharing]
[2024-02-22 13:38:02,142: INFO: common: yaml file: config/config.yaml loaded successfully]
[2024-02-22 13:38:02,144: INFO: common: yaml file: params.yaml loaded successfully]
[2024-02-22 13:38:02,145: INFO: common: created directory at: artifacts]
[2024-02-22 13:38:02,145: INFO: common: created directory at: artifacts/data_ingestion]
[2024-02-22 13:38:02,146: INFO: 4029470648: Downloading data from https://drive.google.com/file/d/1vlhZ5c7abUKF8xXERIw6m9Te8fW7ohw3/view?usp=sharing into file artifacts/data_ingestion/data.zip]
[2024-02-22 13:38:02,147: INFO: 4029470648: file id view?usp=sharing]
[2024-02-22 13:38:02,147: INFO: 4029470648: Download url https://drive.google.com/uc?/export=download&id=view?usp=sharing]
[2024-02-22 13:38:10,555: INFO: common: yaml file: config/config.yaml loaded successfully]
[2024-02-22 13:38:10,556: INFO: common: yaml file: params.yaml loaded successfully]
[2024-02-22 13:38:10,557: INFO: common: created directory at: artifacts]
[2024-02-22 13:38:10,558: INFO: common: created directory at: artifacts/data_ingestion]
[2024-02-22 13:38:10,559: INFO: 4161349440: Downloading data from https://drive.google.com/file/d/1vlhZ5c7abUKF8xXERIw6m9Te8fW7ohw3/view?usp=sharing into file artifacts/data_ingestion/data.zip]
[2024-02-22 13:38:10,559: INFO: 4161349440: file id 1vlhZ5c7abUKF8xXERIw6m9Te8fW7ohw3]
[2024-02-22 13:38:10,560: INFO: 4161349440: Download url https://drive.google.com/uc?/export=download&id=1vlhZ5c7abUKF8xXERIw6m9Te8fW7ohw3]
[2024-02-22 13:38:17,913: INFO: 4161349440: Downloaded data from https://drive.google.com/file/d/1vlhZ5c7abUKF8xXERIw6m9Te8fW7ohw3/view?usp=sharing into artifacts/data_ingestion/data.zip]
[2024-02-22 14:42:41,269: INFO: main: >>>>>> stage Data Ingestion stage started <<<<<<]
[2024-02-22 14:42:41,269: INFO: common: yaml file: config/config.yaml loaded successfully]
[2024-02-22 14:42:41,270: INFO: common: yaml file: params.yaml loaded successfully]
[2024-02-22 14:42:41,270: INFO: common: created directory at: artifacts]
[2024-02-22 14:42:41,270: INFO: common: created directory at: artifacts/data_ingestion]
[2024-02-22 14:42:41,270: INFO: data_ingestion: Downloading data from https://drive.google.com/file/d/1vlhZ5c7abUKF8xXERIw6m9Te8fW7ohw3/view?usp=sharing into file artifacts/data_ingestion/data.zip]
[2024-02-22 14:42:41,271: INFO: data_ingestion: Download url https://drive.google.com/uc?/export=download&id=1vlhZ5c7abUKF8xXERIw6m9Te8fW7ohw3]
[2024-02-22 14:42:48,648: INFO: data_ingestion: Downloaded data from https://drive.google.com/file/d/1vlhZ5c7abUKF8xXERIw6m9Te8fW7ohw3/view?usp=sharing into artifacts/data_ingestion/data.zip]
[2024-02-22 14:42:49,006: INFO: main: >>>>>> stage Data Ingestion stage completed <<<<<<]
[2024-02-22 15:19:48,230: WARNING: deprecation: From /tmp/ipykernel_49001/337460670.py:1: is_gpu_available (from tensorflow.python.framework.test_util) is deprecated and will be removed in a future version.
Instructions for updating:
Use `tf.config.list_physical_devices('GPU')` instead.]
[2024-02-22 16:38:33,316: INFO: common: yaml file: config/config.yaml loaded successfully]
[2024-02-22 16:38:33,318: INFO: common: yaml file: params.yaml loaded successfully]
[2024-02-22 16:38:33,319: INFO: common: created directory at: artifacts]
[2024-02-22 16:38:33,320: INFO: common: created directory at: artifacts/prepare_base_model]
[2024-02-22 16:39:30,121: INFO: common: yaml file: config/config.yaml loaded successfully]
[2024-02-22 16:39:30,123: INFO: common: yaml file: params.yaml loaded successfully]
[2024-02-22 16:39:30,124: INFO: common: created directory at: artifacts]
[2024-02-22 16:39:30,125: INFO: common: created directory at: artifacts/prepare_base_model]
[2024-02-22 16:39:37,422: WARNING: saving_utils: Compiled the loaded model, but the compiled metrics have yet to be built. `model.compile_metrics` will be empty until you train or evaluate the model.]
[2024-02-22 16:46:23,159: INFO: main: >>>>>> stage Data Ingestion stage started <<<<<<]
[2024-02-22 16:46:23,160: INFO: common: yaml file: config/config.yaml loaded successfully]
[2024-02-22 16:46:23,161: INFO: common: yaml file: params.yaml loaded successfully]
[2024-02-22 16:46:23,161: INFO: common: created directory at: artifacts]
[2024-02-22 16:46:23,161: INFO: common: created directory at: artifacts/data_ingestion]
[2024-02-22 16:46:23,161: INFO: data_ingestion: Downloading data from https://drive.google.com/file/d/1vlhZ5c7abUKF8xXERIw6m9Te8fW7ohw3/view?usp=sharing into file artifacts/data_ingestion/data.zip]
[2024-02-22 16:46:23,161: INFO: data_ingestion: Download url https://drive.google.com/uc?/export=download&id=1vlhZ5c7abUKF8xXERIw6m9Te8fW7ohw3]
[2024-02-22 16:46:29,838: INFO: data_ingestion: Downloaded data from https://drive.google.com/file/d/1vlhZ5c7abUKF8xXERIw6m9Te8fW7ohw3/view?usp=sharing into artifacts/data_ingestion/data.zip]
[2024-02-22 16:46:30,225: INFO: main: >>>>>> stage Data Ingestion stage completed <<<<<<]
[2024-02-22 16:46:30,225: INFO: main: >>>>>> stage Prepare Base Model stage started <<<<<<]
[2024-02-22 16:46:30,226: INFO: common: yaml file: config/config.yaml loaded successfully]
[2024-02-22 16:46:30,226: INFO: common: yaml file: params.yaml loaded successfully]
[2024-02-22 16:46:30,227: INFO: common: created directory at: artifacts]
[2024-02-22 16:46:30,227: INFO: common: created directory at: artifacts/prepare_base_model]
[2024-02-22 16:46:30,894: WARNING: saving_utils: Compiled the loaded model, but the compiled metrics have yet to be built. `model.compile_metrics` will be empty until you train or evaluate the model.]
[2024-02-22 16:46:31,039: INFO: main: >>>>>> stage Prepare Base Model stage completed <<<<<<]
[2024-02-22 17:11:41,153: INFO: common: yaml file: config/config.yaml loaded successfully]
[2024-02-22 17:11:41,155: INFO: common: yaml file: params.yaml loaded successfully]
[2024-02-22 17:11:41,156: INFO: common: created directory at: artifacts]
[2024-02-22 17:11:46,654: INFO: common: yaml file: config/config.yaml loaded successfully]
[2024-02-22 17:11:46,657: INFO: common: yaml file: params.yaml loaded successfully]
[2024-02-22 17:11:46,657: INFO: common: created directory at: artifacts]
[2024-02-22 17:11:46,659: INFO: common: created directory at: artifacts/training]
[2024-02-22 17:13:04,434: INFO: common: yaml file: config/config.yaml loaded successfully]
[2024-02-22 17:13:04,437: INFO: common: yaml file: params.yaml loaded successfully]
[2024-02-22 17:13:04,437: INFO: common: created directory at: artifacts]
[2024-02-22 17:13:04,438: INFO: common: created directory at: artifacts/training]
[2024-02-22 17:13:26,553: INFO: common: yaml file: config/config.yaml loaded successfully]
[2024-02-22 17:13:26,555: INFO: common: yaml file: params.yaml loaded successfully]
[2024-02-22 17:13:26,557: INFO: common: created directory at: artifacts]
[2024-02-22 17:13:26,557: INFO: common: created directory at: artifacts/training]
[2024-02-22 17:14:18,470: INFO: common: yaml file: config/config.yaml loaded successfully]
[2024-02-22 17:14:18,472: INFO: common: yaml file: params.yaml loaded successfully]
[2024-02-22 17:14:18,473: INFO: common: created directory at: artifacts]
[2024-02-22 17:14:18,474: INFO: common: created directory at: artifacts/training]
[2024-02-22 17:16:03,845: INFO: common: yaml file: config/config.yaml loaded successfully]
[2024-02-22 17:16:03,847: INFO: common: yaml file: params.yaml loaded successfully]
[2024-02-22 17:16:03,848: INFO: common: created directory at: artifacts]
[2024-02-22 17:16:03,848: INFO: common: created directory at: artifacts/training]
[2024-02-22 17:16:20,346: INFO: common: yaml file: config/config.yaml loaded successfully]
[2024-02-22 17:16:20,347: INFO: common: yaml file: params.yaml loaded successfully]
[2024-02-22 17:16:20,348: INFO: common: created directory at: artifacts]
[2024-02-22 17:16:20,349: INFO: common: created directory at: artifacts/training]
[2024-02-22 17:16:39,111: INFO: common: yaml file: config/config.yaml loaded successfully]
[2024-02-22 17:16:39,114: INFO: common: yaml file: params.yaml loaded successfully]
[2024-02-22 17:16:39,115: INFO: common: created directory at: artifacts]
[2024-02-22 17:16:39,115: INFO: common: created directory at: artifacts/training]
[2024-02-22 17:23:34,355: INFO: main: >>>>>> stage Data Ingestion stage started <<<<<<]
[2024-02-22 17:23:34,356: INFO: common: yaml file: config/config.yaml loaded successfully]
[2024-02-22 17:23:34,357: INFO: common: yaml file: params.yaml loaded successfully]
[2024-02-22 17:23:34,357: INFO: common: created directory at: artifacts]
[2024-02-22 17:23:34,357: INFO: common: created directory at: artifacts/data_ingestion]
[2024-02-22 17:23:34,357: INFO: data_ingestion: Downloading data from https://drive.google.com/file/d/1vlhZ5c7abUKF8xXERIw6m9Te8fW7ohw3/view?usp=sharing into file artifacts/data_ingestion/data.zip]
[2024-02-22 17:23:34,357: INFO: data_ingestion: Download url https://drive.google.com/uc?/export=download&id=1vlhZ5c7abUKF8xXERIw6m9Te8fW7ohw3]
[2024-02-22 17:23:41,747: INFO: data_ingestion: Downloaded data from https://drive.google.com/file/d/1vlhZ5c7abUKF8xXERIw6m9Te8fW7ohw3/view?usp=sharing into artifacts/data_ingestion/data.zip]
[2024-02-22 17:23:42,129: INFO: main: >>>>>> stage Data Ingestion stage completed <<<<<<]
[2024-02-22 17:23:42,129: INFO: main: >>>>>> stage Prepare Base Model stage started <<<<<<]
[2024-02-22 17:23:42,130: INFO: common: yaml file: config/config.yaml loaded successfully]
[2024-02-22 17:23:42,131: INFO: common: yaml file: params.yaml loaded successfully]
[2024-02-22 17:23:42,131: INFO: common: created directory at: artifacts]
[2024-02-22 17:23:42,131: INFO: common: created directory at: artifacts/prepare_base_model]
[2024-02-22 17:23:43,556: WARNING: saving_utils: Compiled the loaded model, but the compiled metrics have yet to be built. `model.compile_metrics` will be empty until you train or evaluate the model.]
[2024-02-22 17:23:43,707: INFO: main: >>>>>> stage Prepare Base Model stage completed <<<<<<]
[2024-02-22 17:23:43,707: INFO: main: >>>>>> stage Training stage started <<<<<<]
[2024-02-22 17:23:43,709: INFO: common: yaml file: config/config.yaml loaded successfully]
[2024-02-22 17:23:43,710: INFO: common: yaml file: params.yaml loaded successfully]
[2024-02-22 17:23:43,710: INFO: common: created directory at: artifacts]
[2024-02-22 17:23:43,710: INFO: common: created directory at: artifacts/training]
[2024-02-22 17:23:49,107: INFO: main: >>>>>> stage Training stage completed <<<<<<]
[2024-02-22 21:03:08,656: INFO: main: >>>>>> stage Data Ingestion stage started <<<<<<]
[2024-02-22 21:03:08,657: INFO: common: yaml file: config/config.yaml loaded successfully]
[2024-02-22 21:03:08,657: INFO: common: yaml file: params.yaml loaded successfully]
[2024-02-22 21:03:08,658: INFO: common: created directory at: artifacts]
[2024-02-22 21:03:08,658: INFO: common: created directory at: artifacts/data_ingestion]
[2024-02-22 21:03:08,658: INFO: data_ingestion: Downloading data from https://drive.google.com/file/d/1vlhZ5c7abUKF8xXERIw6m9Te8fW7ohw3/view?usp=sharing into file artifacts/data_ingestion/data.zip]
[2024-02-22 21:03:08,658: INFO: data_ingestion: Download url https://drive.google.com/uc?/export=download&id=1vlhZ5c7abUKF8xXERIw6m9Te8fW7ohw3]
[2024-02-22 21:03:15,696: INFO: data_ingestion: Downloaded data from https://drive.google.com/file/d/1vlhZ5c7abUKF8xXERIw6m9Te8fW7ohw3/view?usp=sharing into artifacts/data_ingestion/data.zip]
[2024-02-22 21:03:16,047: INFO: main: >>>>>> stage Data Ingestion stage completed <<<<<<]
[2024-02-22 21:03:16,047: INFO: main: >>>>>> stage Prepare Base Model stage started <<<<<<]
[2024-02-22 21:03:16,048: INFO: common: yaml file: config/config.yaml loaded successfully]
[2024-02-22 21:03:16,048: INFO: common: yaml file: params.yaml loaded successfully]
[2024-02-22 21:03:16,048: INFO: common: created directory at: artifacts]
[2024-02-22 21:03:16,049: INFO: common: created directory at: artifacts/prepare_base_model]
[2024-02-22 21:03:16,889: WARNING: saving_utils: Compiled the loaded model, but the compiled metrics have yet to be built. `model.compile_metrics` will be empty until you train or evaluate the model.]
[2024-02-22 21:03:17,027: INFO: main: >>>>>> stage Prepare Base Model stage completed <<<<<<]
[2024-02-22 21:03:17,027: INFO: main: >>>>>> stage Training stage started <<<<<<]
[2024-02-22 21:03:17,028: INFO: common: yaml file: config/config.yaml loaded successfully]
[2024-02-22 21:03:17,028: INFO: common: yaml file: params.yaml loaded successfully]
[2024-02-22 21:03:17,029: INFO: common: created directory at: artifacts]
[2024-02-22 21:03:17,029: INFO: common: created directory at: artifacts/training]
[2024-02-22 21:03:22,320: INFO: main: >>>>>> stage Training stage completed <<<<<<]
[2024-02-22 21:11:57,441: INFO: common: yaml file: config/config.yaml loaded successfully]
[2024-02-22 21:11:57,443: INFO: common: yaml file: params.yaml loaded successfully]
[2024-02-22 21:11:57,444: INFO: common: created directory at: artifacts]
[2024-02-22 21:23:10,125: INFO: common: yaml file: config/config.yaml loaded successfully]
[2024-02-22 21:23:10,127: INFO: common: yaml file: params.yaml loaded successfully]
[2024-02-22 21:23:10,128: INFO: common: created directory at: artifacts]
[2024-02-22 21:23:20,331: INFO: common: yaml file: config/config.yaml loaded successfully]
[2024-02-22 21:23:20,333: INFO: common: yaml file: params.yaml loaded successfully]
[2024-02-22 21:23:20,334: INFO: common: created directory at: artifacts]
[2024-02-22 21:27:37,373: INFO: common: yaml file: config/config.yaml loaded successfully]
[2024-02-22 21:27:37,376: INFO: common: yaml file: params.yaml loaded successfully]
[2024-02-22 21:27:37,377: INFO: common: created directory at: artifacts]
[2024-02-22 21:27:51,869: INFO: common: yaml file: config/config.yaml loaded successfully]
[2024-02-22 21:27:51,872: INFO: common: yaml file: params.yaml loaded successfully]
[2024-02-22 21:27:51,872: INFO: common: created directory at: artifacts]
[2024-02-22 21:28:36,073: INFO: common: yaml file: config/config.yaml loaded successfully]
[2024-02-22 21:28:36,075: INFO: common: yaml file: params.yaml loaded successfully]
[2024-02-22 21:28:36,076: INFO: common: created directory at: artifacts]
[2024-02-22 21:28:42,602: INFO: builder_impl: Assets written to: /tmp/tmpy8qq3csj/model/data/model/assets]
[2024-02-22 22:49:13,822: INFO: common: yaml file: config/config.yaml loaded successfully]
[2024-02-22 22:49:13,825: INFO: common: yaml file: params.yaml loaded successfully]
[2024-02-22 22:49:13,826: INFO: common: created directory at: artifacts]
[2024-02-22 22:49:13,827: INFO: common: created directory at: artifacts/training]
[2024-02-22 22:50:48,416: INFO: common: yaml file: config/config.yaml loaded successfully]
[2024-02-22 22:50:48,417: INFO: common: yaml file: params.yaml loaded successfully]
[2024-02-22 22:50:48,418: INFO: common: created directory at: artifacts]
[2024-02-22 22:50:48,419: INFO: common: created directory at: artifacts/training]
[2024-02-22 22:51:01,112: INFO: common: yaml file: config/config.yaml loaded successfully]
[2024-02-22 22:51:01,114: INFO: common: yaml file: params.yaml loaded successfully]
[2024-02-22 22:51:01,115: INFO: common: created directory at: artifacts]
[2024-02-22 22:51:01,116: INFO: common: created directory at: artifacts/training]
[2024-02-22 22:52:32,373: INFO: common: yaml file: config/config.yaml loaded successfully]
[2024-02-22 22:52:32,375: INFO: common: yaml file: params.yaml loaded successfully]
[2024-02-22 22:52:32,375: INFO: common: created directory at: artifacts]
[2024-02-22 22:52:32,376: INFO: common: created directory at: artifacts/training]
[2024-02-22 22:56:40,605: INFO: common: yaml file: config/config.yaml loaded successfully]
[2024-02-22 22:56:40,608: INFO: common: yaml file: params.yaml loaded successfully]
[2024-02-22 22:56:40,608: INFO: common: created directory at: artifacts]
[2024-02-22 22:56:46,893: INFO: builder_impl: Assets written to: /tmp/tmp8mksy1a_/model/data/model/assets]
[2024-02-22 23:09:55,961: INFO: main: >>>>>> stage Data Ingestion stage started <<<<<<]
[2024-02-22 23:09:55,962: INFO: common: yaml file: config/config.yaml loaded successfully]
[2024-02-22 23:09:55,963: INFO: common: yaml file: params.yaml loaded successfully]
[2024-02-22 23:09:55,963: INFO: common: created directory at: artifacts]
[2024-02-22 23:09:55,963: INFO: common: created directory at: artifacts/data_ingestion]
[2024-02-22 23:09:55,963: INFO: data_ingestion: Downloading data from https://drive.google.com/file/d/1vlhZ5c7abUKF8xXERIw6m9Te8fW7ohw3/view?usp=sharing into file artifacts/data_ingestion/data.zip]
[2024-02-22 23:09:55,963: INFO: data_ingestion: Download url https://drive.google.com/uc?/export=download&id=1vlhZ5c7abUKF8xXERIw6m9Te8fW7ohw3]
[2024-02-22 23:10:02,799: INFO: data_ingestion: Downloaded data from https://drive.google.com/file/d/1vlhZ5c7abUKF8xXERIw6m9Te8fW7ohw3/view?usp=sharing into artifacts/data_ingestion/data.zip]
[2024-02-22 23:10:03,185: INFO: main: >>>>>> stage Data Ingestion stage completed <<<<<<]
[2024-02-22 23:10:03,185: INFO: main: >>>>>> stage Prepare Base Model stage started <<<<<<]
[2024-02-22 23:10:03,186: INFO: common: yaml file: config/config.yaml loaded successfully]
[2024-02-22 23:10:03,186: INFO: common: yaml file: params.yaml loaded successfully]
[2024-02-22 23:10:03,186: INFO: common: created directory at: artifacts]
[2024-02-22 23:10:03,187: INFO: common: created directory at: artifacts/prepare_base_model]
[2024-02-22 23:10:04,115: WARNING: saving_utils: Compiled the loaded model, but the compiled metrics have yet to be built. `model.compile_metrics` will be empty until you train or evaluate the model.]
[2024-02-22 23:10:04,309: INFO: main: >>>>>> stage Prepare Base Model stage completed <<<<<<]
[2024-02-22 23:10:04,309: INFO: main: >>>>>> stage Training stage started <<<<<<]
[2024-02-22 23:10:04,310: INFO: common: yaml file: config/config.yaml loaded successfully]
[2024-02-22 23:10:04,311: INFO: common: yaml file: params.yaml loaded successfully]
[2024-02-22 23:10:04,311: INFO: common: created directory at: artifacts]
[2024-02-22 23:10:04,311: INFO: common: created directory at: artifacts/training]
[2024-02-22 23:10:09,560: INFO: main: >>>>>> stage Training stage completed <<<<<<]
[2024-02-22 23:10:09,560: INFO: main: >>>>>> stage Evaluation stage started <<<<<<]
[2024-02-22 23:10:09,561: INFO: common: yaml file: config/config.yaml loaded successfully]
[2024-02-22 23:10:09,561: INFO: common: yaml file: params.yaml loaded successfully]
[2024-02-22 23:10:09,561: INFO: common: created directory at: artifacts]
[2024-02-22 23:10:12,257: INFO: builder_impl: Assets written to: /tmp/tmprphwz650/model/data/model/assets]
[2024-02-22 23:10:16,136: INFO: main: >>>>>> stage Evaluation stage completed <<<<<<]
[2024-02-22 23:30:16,560: INFO: main: >>>>>> stage Data Ingestion stage started <<<<<<]
[2024-02-22 23:30:16,562: INFO: common: yaml file: config/config.yaml loaded successfully]
[2024-02-22 23:30:16,563: INFO: common: yaml file: params.yaml loaded successfully]
[2024-02-22 23:30:16,564: INFO: common: created directory at: artifacts]
[2024-02-22 23:30:16,564: INFO: common: created directory at: artifacts/data_ingestion]
[2024-02-22 23:30:16,564: INFO: data_ingestion: Downloading data from https://drive.google.com/file/d/1vlhZ5c7abUKF8xXERIw6m9Te8fW7ohw3/view?usp=sharing into file artifacts/data_ingestion/data.zip]
[2024-02-22 23:30:16,564: INFO: data_ingestion: Download url https://drive.google.com/uc?/export=download&id=1vlhZ5c7abUKF8xXERIw6m9Te8fW7ohw3]
[2024-02-22 23:30:23,550: INFO: data_ingestion: Downloaded data from https://drive.google.com/file/d/1vlhZ5c7abUKF8xXERIw6m9Te8fW7ohw3/view?usp=sharing into artifacts/data_ingestion/data.zip]
[2024-02-22 23:30:23,933: INFO: main: >>>>>> stage Data Ingestion stage completed <<<<<<]
[2024-02-22 23:30:23,934: INFO: main: >>>>>> stage Prepare Base Model stage started <<<<<<]
[2024-02-22 23:30:23,934: INFO: common: yaml file: config/config.yaml loaded successfully]
[2024-02-22 23:30:23,935: INFO: common: yaml file: params.yaml loaded successfully]
[2024-02-22 23:30:23,935: INFO: common: created directory at: artifacts]
[2024-02-22 23:30:23,935: INFO: common: created directory at: artifacts/prepare_base_model]
[2024-02-22 23:30:24,889: WARNING: saving_utils: Compiled the loaded model, but the compiled metrics have yet to be built. `model.compile_metrics` will be empty until you train or evaluate the model.]
[2024-02-22 23:30:25,037: INFO: main: >>>>>> stage Prepare Base Model stage completed <<<<<<]
[2024-02-22 23:30:25,037: INFO: main: >>>>>> stage Training stage started <<<<<<]
[2024-02-22 23:30:25,038: INFO: common: yaml file: config/config.yaml loaded successfully]
[2024-02-22 23:30:25,038: INFO: common: yaml file: params.yaml loaded successfully]
[2024-02-22 23:30:25,039: INFO: common: created directory at: artifacts]
[2024-02-22 23:30:25,039: INFO: common: created directory at: artifacts/training]
[2024-02-22 23:30:30,303: INFO: main: >>>>>> stage Training stage completed <<<<<<]
[2024-02-22 23:30:30,303: INFO: main: >>>>>> stage Evaluation stage started <<<<<<]
[2024-02-22 23:30:30,304: INFO: common: yaml file: config/config.yaml loaded successfully]
[2024-02-22 23:30:30,305: INFO: common: yaml file: params.yaml loaded successfully]
[2024-02-22 23:30:30,305: INFO: common: created directory at: artifacts]
[2024-02-22 23:30:34,254: INFO: builder_impl: Assets written to: /tmp/tmpkvmyx_p3/model/data/model/assets]
[2024-02-22 23:30:55,797: INFO: main: >>>>>> stage Evaluation stage completed <<<<<<]
[2024-02-23 00:18:50,344: INFO: main: >>>>>> stage Data Ingestion stage started <<<<<<]
[2024-02-23 00:18:50,345: INFO: common: yaml file: config/config.yaml loaded successfully]
[2024-02-23 00:18:50,346: INFO: common: yaml file: params.yaml loaded successfully]
[2024-02-23 00:18:50,346: INFO: common: created directory at: artifacts]
[2024-02-23 00:18:50,346: INFO: common: created directory at: artifacts/data_ingestion]
[2024-02-23 00:18:50,346: INFO: data_ingestion: Downloading data from https://drive.google.com/file/d/1vlhZ5c7abUKF8xXERIw6m9Te8fW7ohw3/view?usp=sharing into file artifacts/data_ingestion/data.zip]
[2024-02-23 00:18:50,346: INFO: data_ingestion: Download url https://drive.google.com/uc?/export=download&id=1vlhZ5c7abUKF8xXERIw6m9Te8fW7ohw3]
[2024-02-23 00:18:57,957: INFO: data_ingestion: Downloaded data from https://drive.google.com/file/d/1vlhZ5c7abUKF8xXERIw6m9Te8fW7ohw3/view?usp=sharing into artifacts/data_ingestion/data.zip]
[2024-02-23 00:18:58,331: INFO: main: >>>>>> stage Data Ingestion stage completed <<<<<<]
[2024-02-23 00:18:58,331: INFO: main: >>>>>> stage Prepare Base Model stage started <<<<<<]
[2024-02-23 00:18:58,332: INFO: common: yaml file: config/config.yaml loaded successfully]
[2024-02-23 00:18:58,333: INFO: common: yaml file: params.yaml loaded successfully]
[2024-02-23 00:18:58,333: INFO: common: created directory at: artifacts]
[2024-02-23 00:18:58,333: INFO: common: created directory at: artifacts/prepare_base_model]
[2024-02-23 00:18:59,339: WARNING: saving_utils: Compiled the loaded model, but the compiled metrics have yet to be built. `model.compile_metrics` will be empty until you train or evaluate the model.]
[2024-02-23 00:18:59,486: INFO: main: >>>>>> stage Prepare Base Model stage completed <<<<<<]
[2024-02-23 00:18:59,486: INFO: main: >>>>>> stage Training stage started <<<<<<]
[2024-02-23 00:18:59,488: INFO: common: yaml file: config/config.yaml loaded successfully]
[2024-02-23 00:18:59,489: INFO: common: yaml file: params.yaml loaded successfully]
[2024-02-23 00:18:59,489: INFO: common: created directory at: artifacts]
[2024-02-23 00:18:59,489: INFO: common: created directory at: artifacts/training]
[2024-02-23 00:19:05,162: INFO: main: >>>>>> stage Training stage completed <<<<<<]
[2024-02-23 00:19:05,162: INFO: main: >>>>>> stage Evaluation stage started <<<<<<]
[2024-02-23 00:19:05,163: INFO: common: yaml file: config/config.yaml loaded successfully]
[2024-02-23 00:19:05,164: INFO: common: yaml file: params.yaml loaded successfully]
[2024-02-23 00:19:05,164: INFO: common: created directory at: artifacts]
[2024-02-23 00:19:06,987: INFO: common: json file saved at: score.json]
[2024-02-23 00:19:09,404: INFO: builder_impl: Assets written to: /tmp/tmpf_vupp_x/model/data/model/assets]
[2024-02-23 00:19:30,594: INFO: main: >>>>>> stage Evaluation stage completed <<<<<<]
[2024-02-23 11:26:32,636: INFO: stage_01_data_ingestion: >>>>>> stage Data Ingestion stage started <<<<<<]
[2024-02-23 11:26:32,637: INFO: common: yaml file: config/config.yaml loaded successfully]
[2024-02-23 11:26:32,638: INFO: common: yaml file: params.yaml loaded successfully]
[2024-02-23 11:26:32,638: INFO: common: created directory at: artifacts]
[2024-02-23 11:26:32,638: INFO: common: created directory at: artifacts/data_ingestion]
[2024-02-23 11:26:32,639: INFO: data_ingestion: Downloading data from https://drive.google.com/file/d/1vlhZ5c7abUKF8xXERIw6m9Te8fW7ohw3/view?usp=sharing into file artifacts/data_ingestion/data.zip]
[2024-02-23 11:26:32,639: INFO: data_ingestion: Download url https://drive.google.com/uc?/export=download&id=1vlhZ5c7abUKF8xXERIw6m9Te8fW7ohw3]
[2024-02-23 11:27:49,777: INFO: stage_01_data_ingestion: >>>>>> stage Data Ingestion stage started <<<<<<]
[2024-02-23 11:27:49,778: INFO: common: yaml file: config/config.yaml loaded successfully]
[2024-02-23 11:27:49,779: INFO: common: yaml file: params.yaml loaded successfully]
[2024-02-23 11:27:49,779: INFO: common: created directory at: artifacts]
[2024-02-23 11:27:49,779: INFO: common: created directory at: artifacts/data_ingestion]
[2024-02-23 11:27:49,779: INFO: data_ingestion: Downloading data from https://drive.google.com/file/d/1vlhZ5c7abUKF8xXERIw6m9Te8fW7ohw3/view?usp=sharing into file artifacts/data_ingestion/data.zip]
[2024-02-23 11:27:49,779: INFO: data_ingestion: Download url https://drive.google.com/uc?/export=download&id=1vlhZ5c7abUKF8xXERIw6m9Te8fW7ohw3]
[2024-02-23 11:27:57,984: INFO: data_ingestion: Downloaded data from https://drive.google.com/file/d/1vlhZ5c7abUKF8xXERIw6m9Te8fW7ohw3/view?usp=sharing into artifacts/data_ingestion/data.zip]
[2024-02-23 11:27:58,338: INFO: stage_01_data_ingestion: >>>>>> stage Data Ingestion stage completed <<<<<<]
[2024-02-23 11:28:01,581: INFO: stage_02_prepare_base_model: >>>>>> stage Prepare Base Model stage started <<<<<<]
[2024-02-23 11:28:01,582: INFO: common: yaml file: config/config.yaml loaded successfully]
[2024-02-23 11:28:01,583: INFO: common: yaml file: params.yaml loaded successfully]
[2024-02-23 11:28:01,583: INFO: common: created directory at: artifacts]
[2024-02-23 11:28:01,583: INFO: common: created directory at: artifacts/prepare_base_model]
[2024-02-23 11:28:02,585: WARNING: saving_utils: Compiled the loaded model, but the compiled metrics have yet to be built. `model.compile_metrics` will be empty until you train or evaluate the model.]
[2024-02-23 11:28:02,716: INFO: stage_02_prepare_base_model: >>>>>> stage Prepare Base Model stage completed <<<<<<]
[2024-02-23 11:28:04,632: INFO: stage_03_training: >>>>>> stage Training stage started <<<<<<]
[2024-02-23 11:28:04,633: INFO: common: yaml file: config/config.yaml loaded successfully]
[2024-02-23 11:28:04,634: INFO: common: yaml file: params.yaml loaded successfully]
[2024-02-23 11:28:04,634: INFO: common: created directory at: artifacts]
[2024-02-23 11:28:04,634: INFO: common: created directory at: artifacts/training]
[2024-02-23 11:28:10,738: INFO: stage_03_training: >>>>>> stage Training stage completed <<<<<<]
[2024-02-23 11:28:12,830: INFO: stage_04_evaluation: >>>>>> stage Evaluation stage started <<<<<<]
[2024-02-23 11:28:12,831: INFO: common: yaml file: config/config.yaml loaded successfully]
[2024-02-23 11:28:12,831: INFO: common: yaml file: params.yaml loaded successfully]
[2024-02-23 11:28:12,831: INFO: common: created directory at: artifacts]
[2024-02-23 11:28:16,588: INFO: common: json file saved at: score.json]
[2024-02-23 11:28:18,810: INFO: builder_impl: Assets written to: /tmp/tmprotxud_k/model/data/model/assets]
[2024-02-23 11:28:39,648: INFO: stage_04_evaluation: >>>>>> stage Evaluation stage completed <<<<<<]
[2024-02-23 11:29:49,041: INFO: stage_03_training: >>>>>> stage Training stage started <<<<<<]
[2024-02-23 11:29:49,042: INFO: common: yaml file: config/config.yaml loaded successfully]
[2024-02-23 11:29:49,043: INFO: common: yaml file: params.yaml loaded successfully]
[2024-02-23 11:29:49,043: INFO: common: created directory at: artifacts]
[2024-02-23 11:29:49,043: INFO: common: created directory at: artifacts/training]
[2024-02-23 11:30:07,342: INFO: stage_03_training: >>>>>> stage Training stage completed <<<<<<]
[2024-02-23 11:30:09,368: INFO: stage_04_evaluation: >>>>>> stage Evaluation stage started <<<<<<]
[2024-02-23 11:30:09,370: INFO: common: yaml file: config/config.yaml loaded successfully]
[2024-02-23 11:30:09,371: INFO: common: yaml file: params.yaml loaded successfully]
[2024-02-23 11:30:09,371: INFO: common: created directory at: artifacts]
[2024-02-23 11:30:13,127: INFO: common: json file saved at: score.json]
[2024-02-23 11:30:15,277: INFO: builder_impl: Assets written to: /tmp/tmpizr8bk68/model/data/model/assets]
[2024-02-23 11:30:35,435: INFO: stage_04_evaluation: >>>>>> stage Evaluation stage completed <<<<<<]
[2024-02-23 12:11:59,304: INFO: _internal: [31m[1mWARNING: This is a development server. Do not use it in a production deployment. Use a production WSGI server instead.[0m
 * Running on all addresses (0.0.0.0)
 * Running on http://127.0.0.1:8080
 * Running on http://172.25.61.112:8080]
[2024-02-23 12:11:59,304: INFO: _internal: [33mPress CTRL+C to quit[0m]
[2024-02-23 12:12:04,162: INFO: _internal: 172.25.48.1 - - [23/Feb/2024 12:12:04] "GET / HTTP/1.1" 200 -]
[2024-02-23 12:12:33,774: INFO: _internal: 172.25.48.1 - - [23/Feb/2024 12:12:33] "POST /predict HTTP/1.1" 200 -]
[2024-02-23 12:12:36,379: INFO: _internal: 172.25.48.1 - - [23/Feb/2024 12:12:36] "POST /predict HTTP/1.1" 200 -]
[2024-02-23 12:12:40,402: INFO: _internal: 172.25.48.1 - - [23/Feb/2024 12:12:40] "POST /predict HTTP/1.1" 200 -]
[2024-02-23 12:12:41,402: INFO: _internal: 172.25.48.1 - - [23/Feb/2024 12:12:41] "POST /predict HTTP/1.1" 200 -]
[2024-02-23 12:12:42,270: WARNING: polymorphic_function: 5 out of the last 5 calls to <function Model.make_predict_function.<locals>.predict_function at 0x7fe4e7f540d0> triggered tf.function retracing. Tracing is expensive and the excessive number of tracings could be due to (1) creating @tf.function repeatedly in a loop, (2) passing tensors with different shapes, (3) passing Python objects instead of tensors. For (1), please define your @tf.function outside of the loop. For (2), @tf.function has reduce_retracing=True option that can avoid unnecessary retracing. For (3), please refer to https://www.tensorflow.org/guide/function#controlling_retracing and https://www.tensorflow.org/api_docs/python/tf/function for  more details.]
[2024-02-23 12:12:42,339: INFO: _internal: 172.25.48.1 - - [23/Feb/2024 12:12:42] "POST /predict HTTP/1.1" 200 -]
[2024-02-23 12:12:58,471: WARNING: polymorphic_function: 6 out of the last 6 calls to <function Model.make_predict_function.<locals>.predict_function at 0x7fe4e7f54af0> triggered tf.function retracing. Tracing is expensive and the excessive number of tracings could be due to (1) creating @tf.function repeatedly in a loop, (2) passing tensors with different shapes, (3) passing Python objects instead of tensors. For (1), please define your @tf.function outside of the loop. For (2), @tf.function has reduce_retracing=True option that can avoid unnecessary retracing. For (3), please refer to https://www.tensorflow.org/guide/function#controlling_retracing and https://www.tensorflow.org/api_docs/python/tf/function for  more details.]
[2024-02-23 12:12:58,531: INFO: _internal: 172.25.48.1 - - [23/Feb/2024 12:12:58] "POST /predict HTTP/1.1" 200 -]
[2024-02-23 12:13:05,012: INFO: _internal: 172.25.48.1 - - [23/Feb/2024 12:13:05] "POST /predict HTTP/1.1" 200 -]
[2024-02-23 12:13:09,624: INFO: _internal: 172.25.48.1 - - [23/Feb/2024 12:13:09] "POST /predict HTTP/1.1" 200 -]
[2024-02-23 12:13:14,913: INFO: _internal: 172.25.48.1 - - [23/Feb/2024 12:13:14] "POST /predict HTTP/1.1" 200 -]
[2024-02-23 12:13:15,669: INFO: _internal: 172.25.48.1 - - [23/Feb/2024 12:13:15] "POST /predict HTTP/1.1" 200 -]
[2024-02-23 12:13:21,560: INFO: _internal: 172.25.48.1 - - [23/Feb/2024 12:13:21] "POST /predict HTTP/1.1" 200 -]
[2024-02-23 12:13:28,094: INFO: _internal: 172.25.48.1 - - [23/Feb/2024 12:13:28] "POST /predict HTTP/1.1" 200 -]
